<?xml version="1.0" encoding="UTF-8"?>
<!-- Generated by org.testng.reporters.JUnitReportReporter -->
<testsuite hostname="AGI-LT-1272" failures="0" tests="1" name="GoogleTest.Base" time="2.573" errors="0" timestamp="2021-10-25T12:12:03 IST" skipped="0">
  <testcase classname="GoogleTest.Base" name="BrowserCall" time="2.573"/>
  <system-out/>
</testsuite> <!-- GoogleTest.Base -->
